{"C:\\Institue Isimm\\Ing2_Info\\S2\\Devops\\Tp1\\tp-api-nodejs\\app.js": {"path":"C:\\Institue Isimm\\Ing2_Info\\S2\\Devops\\Tp1\\tp-api-nodejs\\app.js","statementMap":{"0":{"start":{"line":2,"column":16},"end":{"line":2,"column":34}},"1":{"start":{"line":3,"column":23},"end":{"line":3,"column":57}},"2":{"start":{"line":5,"column":12},"end":{"line":5,"column":21}},"3":{"start":{"line":6,"column":0},"end":{"line":6,"column":24}},"4":{"start":{"line":8,"column":0},"end":{"line":10,"column":3}},"5":{"start":{"line":9,"column":4},"end":{"line":9,"column":56}},"6":{"start":{"line":12,"column":0},"end":{"line":12,"column":42}},"7":{"start":{"line":14,"column":0},"end":{"line":14,"column":21}}},"fnMap":{"0":{"name":"(anonymous_0)","decl":{"start":{"line":8,"column":13},"end":{"line":8,"column":14}},"loc":{"start":{"line":8,"column":27},"end":{"line":10,"column":1}},"line":8}},"branchMap":{},"s":{"0":1,"1":1,"2":1,"3":1,"4":1,"5":0,"6":1,"7":1},"f":{"0":0},"b":{},"_coverageSchema":"1a1c01bbd47fc00a2c39e90264f33305004495a9","hash":"3f60a226a866df3f56072eb5696939bf6176fbde"}
,"C:\\Institue Isimm\\Ing2_Info\\S2\\Devops\\Tp1\\tp-api-nodejs\\controllers\\etudiantController.js": {"path":"C:\\Institue Isimm\\Ing2_Info\\S2\\Devops\\Tp1\\tp-api-nodejs\\controllers\\etudiantController.js","statementMap":{"0":{"start":{"line":2,"column":17},"end":{"line":2,"column":36}},"1":{"start":{"line":3,"column":17},"end":{"line":3,"column":46}},"2":{"start":{"line":13,"column":0},"end":{"line":37,"column":2}},"3":{"start":{"line":14,"column":4},"end":{"line":36,"column":5}},"4":{"start":{"line":15,"column":41},"end":{"line":15,"column":49}},"5":{"start":{"line":17,"column":8},"end":{"line":19,"column":9}},"6":{"start":{"line":18,"column":12},"end":{"line":18,"column":94}},"7":{"start":{"line":20,"column":8},"end":{"line":22,"column":9}},"8":{"start":{"line":21,"column":12},"end":{"line":21,"column":87}},"9":{"start":{"line":23,"column":8},"end":{"line":25,"column":9}},"10":{"start":{"line":24,"column":12},"end":{"line":24,"column":100}},"11":{"start":{"line":27,"column":25},"end":{"line":27,"column":47}},"12":{"start":{"line":28,"column":8},"end":{"line":28,"column":30}},"13":{"start":{"line":29,"column":8},"end":{"line":32,"column":11}},"14":{"start":{"line":35,"column":8},"end":{"line":35,"column":57}},"15":{"start":{"line":45,"column":0},"end":{"line":63,"column":2}},"16":{"start":{"line":46,"column":4},"end":{"line":62,"column":5}},"17":{"start":{"line":48,"column":26},"end":{"line":48,"column":62}},"18":{"start":{"line":50,"column":8},"end":{"line":54,"column":11}},"19":{"start":{"line":57,"column":8},"end":{"line":61,"column":11}},"20":{"start":{"line":73,"column":0},"end":{"line":107,"column":2}},"21":{"start":{"line":74,"column":4},"end":{"line":106,"column":5}},"22":{"start":{"line":76,"column":8},"end":{"line":78,"column":9}},"23":{"start":{"line":77,"column":12},"end":{"line":77,"column":68}},"24":{"start":{"line":81,"column":8},"end":{"line":81,"column":61}},"25":{"start":{"line":84,"column":25},"end":{"line":84,"column":63}},"26":{"start":{"line":87,"column":8},"end":{"line":92,"column":9}},"27":{"start":{"line":88,"column":12},"end":{"line":91,"column":15}},"28":{"start":{"line":95,"column":8},"end":{"line":98,"column":11}},"29":{"start":{"line":101,"column":8},"end":{"line":105,"column":11}},"30":{"start":{"line":115,"column":0},"end":{"line":154,"column":2}},"31":{"start":{"line":116,"column":4},"end":{"line":153,"column":5}},"32":{"start":{"line":117,"column":8},"end":{"line":117,"column":63}},"33":{"start":{"line":118,"column":8},"end":{"line":118,"column":55}},"34":{"start":{"line":127,"column":25},"end":{"line":131,"column":9}},"35":{"start":{"line":134,"column":8},"end":{"line":139,"column":9}},"36":{"start":{"line":135,"column":12},"end":{"line":138,"column":15}},"37":{"start":{"line":141,"column":8},"end":{"line":145,"column":11}},"38":{"start":{"line":148,"column":8},"end":{"line":152,"column":11}},"39":{"start":{"line":162,"column":0},"end":{"line":194,"column":2}},"40":{"start":{"line":163,"column":4},"end":{"line":193,"column":5}},"41":{"start":{"line":164,"column":8},"end":{"line":164,"column":66}},"42":{"start":{"line":167,"column":25},"end":{"line":171,"column":9}},"43":{"start":{"line":174,"column":8},"end":{"line":179,"column":9}},"44":{"start":{"line":175,"column":12},"end":{"line":178,"column":15}},"45":{"start":{"line":181,"column":8},"end":{"line":185,"column":11}},"46":{"start":{"line":188,"column":8},"end":{"line":192,"column":11}},"47":{"start":{"line":203,"column":0},"end":{"line":224,"column":2}},"48":{"start":{"line":204,"column":4},"end":{"line":223,"column":5}},"49":{"start":{"line":205,"column":8},"end":{"line":205,"column":69}},"50":{"start":{"line":208,"column":26},"end":{"line":208,"column":79}},"51":{"start":{"line":210,"column":8},"end":{"line":215,"column":11}},"52":{"start":{"line":218,"column":8},"end":{"line":222,"column":11}},"53":{"start":{"line":234,"column":0},"end":{"line":269,"column":2}},"54":{"start":{"line":235,"column":4},"end":{"line":268,"column":5}},"55":{"start":{"line":236,"column":22},"end":{"line":236,"column":31}},"56":{"start":{"line":239,"column":8},"end":{"line":244,"column":9}},"57":{"start":{"line":240,"column":12},"end":{"line":243,"column":15}},"58":{"start":{"line":247,"column":22},"end":{"line":247,"column":40}},"59":{"start":{"line":249,"column":26},"end":{"line":254,"column":10}},"60":{"start":{"line":256,"column":8},"end":{"line":260,"column":11}},"61":{"start":{"line":263,"column":8},"end":{"line":267,"column":11}},"62":{"start":{"line":278,"column":0},"end":{"line":296,"column":2}},"63":{"start":{"line":279,"column":4},"end":{"line":295,"column":5}},"64":{"start":{"line":281,"column":26},"end":{"line":281,"column":63}},"65":{"start":{"line":283,"column":8},"end":{"line":287,"column":11}},"66":{"start":{"line":290,"column":8},"end":{"line":294,"column":11}},"67":{"start":{"line":299,"column":0},"end":{"line":328,"column":2}},"68":{"start":{"line":300,"column":4},"end":{"line":327,"column":5}},"69":{"start":{"line":301,"column":65},"end":{"line":301,"column":74}},"70":{"start":{"line":302,"column":21},"end":{"line":302,"column":36}},"71":{"start":{"line":304,"column":8},"end":{"line":304,"column":51}},"72":{"start":{"line":304,"column":17},"end":{"line":304,"column":51}},"73":{"start":{"line":305,"column":8},"end":{"line":305,"column":46}},"74":{"start":{"line":305,"column":21},"end":{"line":305,"column":46}},"75":{"start":{"line":306,"column":8},"end":{"line":310,"column":9}},"76":{"start":{"line":307,"column":12},"end":{"line":307,"column":30}},"77":{"start":{"line":308,"column":12},"end":{"line":308,"column":65}},"78":{"start":{"line":308,"column":26},"end":{"line":308,"column":65}},"79":{"start":{"line":309,"column":12},"end":{"line":309,"column":65}},"80":{"start":{"line":309,"column":26},"end":{"line":309,"column":65}},"81":{"start":{"line":311,"column":8},"end":{"line":311,"column":74}},"82":{"start":{"line":311,"column":24},"end":{"line":311,"column":74}},"83":{"start":{"line":313,"column":26},"end":{"line":313,"column":53}},"84":{"start":{"line":315,"column":8},"end":{"line":320,"column":11}},"85":{"start":{"line":322,"column":8},"end":{"line":326,"column":11}},"86":{"start":{"line":335,"column":0},"end":{"line":353,"column":2}},"87":{"start":{"line":336,"column":4},"end":{"line":352,"column":5}},"88":{"start":{"line":337,"column":26},"end":{"line":338,"column":34}},"89":{"start":{"line":340,"column":8},"end":{"line":344,"column":11}},"90":{"start":{"line":347,"column":8},"end":{"line":351,"column":11}}},"fnMap":{"0":{"name":"(anonymous_0)","decl":{"start":{"line":13,"column":25},"end":{"line":13,"column":26}},"loc":{"start":{"line":13,"column":45},"end":{"line":37,"column":1}},"line":13},"1":{"name":"(anonymous_1)","decl":{"start":{"line":45,"column":26},"end":{"line":45,"column":27}},"loc":{"start":{"line":45,"column":46},"end":{"line":63,"column":1}},"line":45},"2":{"name":"(anonymous_2)","decl":{"start":{"line":73,"column":26},"end":{"line":73,"column":27}},"loc":{"start":{"line":73,"column":46},"end":{"line":107,"column":1}},"line":73},"3":{"name":"(anonymous_3)","decl":{"start":{"line":115,"column":25},"end":{"line":115,"column":26}},"loc":{"start":{"line":115,"column":45},"end":{"line":154,"column":1}},"line":115},"4":{"name":"(anonymous_4)","decl":{"start":{"line":162,"column":25},"end":{"line":162,"column":26}},"loc":{"start":{"line":162,"column":45},"end":{"line":194,"column":1}},"line":162},"5":{"name":"(anonymous_5)","decl":{"start":{"line":203,"column":32},"end":{"line":203,"column":33}},"loc":{"start":{"line":203,"column":52},"end":{"line":224,"column":1}},"line":203},"6":{"name":"(anonymous_6)","decl":{"start":{"line":234,"column":26},"end":{"line":234,"column":27}},"loc":{"start":{"line":234,"column":46},"end":{"line":269,"column":1}},"line":234},"7":{"name":"(anonymous_7)","decl":{"start":{"line":278,"column":31},"end":{"line":278,"column":32}},"loc":{"start":{"line":278,"column":51},"end":{"line":296,"column":1}},"line":278},"8":{"name":"(anonymous_8)","decl":{"start":{"line":299,"column":25},"end":{"line":299,"column":26}},"loc":{"start":{"line":299,"column":45},"end":{"line":328,"column":1}},"line":299},"9":{"name":"(anonymous_9)","decl":{"start":{"line":335,"column":29},"end":{"line":335,"column":30}},"loc":{"start":{"line":335,"column":49},"end":{"line":353,"column":1}},"line":335}},"branchMap":{"0":{"loc":{"start":{"line":17,"column":8},"end":{"line":19,"column":9}},"type":"if","locations":[{"start":{"line":17,"column":8},"end":{"line":19,"column":9}},{"start":{},"end":{}}],"line":17},"1":{"loc":{"start":{"line":17,"column":12},"end":{"line":17,"column":27}},"type":"binary-expr","locations":[{"start":{"line":17,"column":12},"end":{"line":17,"column":16}},{"start":{"line":17,"column":20},"end":{"line":17,"column":27}}],"line":17},"2":{"loc":{"start":{"line":20,"column":8},"end":{"line":22,"column":9}},"type":"if","locations":[{"start":{"line":20,"column":8},"end":{"line":22,"column":9}},{"start":{},"end":{}}],"line":20},"3":{"loc":{"start":{"line":20,"column":12},"end":{"line":20,"column":64}},"type":"binary-expr","locations":[{"start":{"line":20,"column":12},"end":{"line":20,"column":33}},{"start":{"line":20,"column":37},"end":{"line":20,"column":64}}],"line":20},"4":{"loc":{"start":{"line":23,"column":8},"end":{"line":25,"column":9}},"type":"if","locations":[{"start":{"line":23,"column":8},"end":{"line":25,"column":9}},{"start":{},"end":{}}],"line":23},"5":{"loc":{"start":{"line":23,"column":12},"end":{"line":23,"column":39}},"type":"binary-expr","locations":[{"start":{"line":23,"column":12},"end":{"line":23,"column":23}},{"start":{"line":23,"column":27},"end":{"line":23,"column":39}}],"line":23},"6":{"loc":{"start":{"line":76,"column":8},"end":{"line":78,"column":9}},"type":"if","locations":[{"start":{"line":76,"column":8},"end":{"line":78,"column":9}},{"start":{},"end":{}}],"line":76},"7":{"loc":{"start":{"line":87,"column":8},"end":{"line":92,"column":9}},"type":"if","locations":[{"start":{"line":87,"column":8},"end":{"line":92,"column":9}},{"start":{},"end":{}}],"line":87},"8":{"loc":{"start":{"line":134,"column":8},"end":{"line":139,"column":9}},"type":"if","locations":[{"start":{"line":134,"column":8},"end":{"line":139,"column":9}},{"start":{},"end":{}}],"line":134},"9":{"loc":{"start":{"line":174,"column":8},"end":{"line":179,"column":9}},"type":"if","locations":[{"start":{"line":174,"column":8},"end":{"line":179,"column":9}},{"start":{},"end":{}}],"line":174},"10":{"loc":{"start":{"line":239,"column":8},"end":{"line":244,"column":9}},"type":"if","locations":[{"start":{"line":239,"column":8},"end":{"line":244,"column":9}},{"start":{},"end":{}}],"line":239},"11":{"loc":{"start":{"line":304,"column":8},"end":{"line":304,"column":51}},"type":"if","locations":[{"start":{"line":304,"column":8},"end":{"line":304,"column":51}},{"start":{},"end":{}}],"line":304},"12":{"loc":{"start":{"line":305,"column":8},"end":{"line":305,"column":46}},"type":"if","locations":[{"start":{"line":305,"column":8},"end":{"line":305,"column":46}},{"start":{},"end":{}}],"line":305},"13":{"loc":{"start":{"line":306,"column":8},"end":{"line":310,"column":9}},"type":"if","locations":[{"start":{"line":306,"column":8},"end":{"line":310,"column":9}},{"start":{},"end":{}}],"line":306},"14":{"loc":{"start":{"line":306,"column":12},"end":{"line":306,"column":32}},"type":"binary-expr","locations":[{"start":{"line":306,"column":12},"end":{"line":306,"column":20}},{"start":{"line":306,"column":24},"end":{"line":306,"column":32}}],"line":306},"15":{"loc":{"start":{"line":308,"column":12},"end":{"line":308,"column":65}},"type":"if","locations":[{"start":{"line":308,"column":12},"end":{"line":308,"column":65}},{"start":{},"end":{}}],"line":308},"16":{"loc":{"start":{"line":309,"column":12},"end":{"line":309,"column":65}},"type":"if","locations":[{"start":{"line":309,"column":12},"end":{"line":309,"column":65}},{"start":{},"end":{}}],"line":309},"17":{"loc":{"start":{"line":311,"column":8},"end":{"line":311,"column":74}},"type":"if","locations":[{"start":{"line":311,"column":8},"end":{"line":311,"column":74}},{"start":{},"end":{}}],"line":311}},"s":{"0":1,"1":1,"2":1,"3":5,"4":5,"5":5,"6":1,"7":4,"8":1,"9":3,"10":2,"11":1,"12":1,"13":1,"14":0,"15":1,"16":2,"17":2,"18":2,"19":0,"20":1,"21":3,"22":3,"23":1,"24":2,"25":2,"26":2,"27":1,"28":1,"29":0,"30":1,"31":2,"32":2,"33":2,"34":2,"35":2,"36":1,"37":1,"38":0,"39":1,"40":2,"41":2,"42":2,"43":2,"44":1,"45":1,"46":0,"47":1,"48":0,"49":0,"50":0,"51":0,"52":0,"53":1,"54":0,"55":0,"56":0,"57":0,"58":0,"59":0,"60":0,"61":0,"62":1,"63":0,"64":0,"65":0,"66":0,"67":1,"68":0,"69":0,"70":0,"71":0,"72":0,"73":0,"74":0,"75":0,"76":0,"77":0,"78":0,"79":0,"80":0,"81":0,"82":0,"83":0,"84":0,"85":0,"86":1,"87":0,"88":0,"89":0,"90":0},"f":{"0":5,"1":2,"2":3,"3":2,"4":2,"5":0,"6":0,"7":0,"8":0,"9":0},"b":{"0":[1,4],"1":[5,4],"2":[1,3],"3":[4,4],"4":[2,1],"5":[3,2],"6":[1,2],"7":[1,1],"8":[1,1],"9":[1,1],"10":[0,0],"11":[0,0],"12":[0,0],"13":[0,0],"14":[0,0],"15":[0,0],"16":[0,0],"17":[0,0]},"_coverageSchema":"1a1c01bbd47fc00a2c39e90264f33305004495a9","hash":"a755516c5c82530f8809326d972f015189909202"}
,"C:\\Institue Isimm\\Ing2_Info\\S2\\Devops\\Tp1\\tp-api-nodejs\\models\\Etudiant.js": {"path":"C:\\Institue Isimm\\Ing2_Info\\S2\\Devops\\Tp1\\tp-api-nodejs\\models\\Etudiant.js","statementMap":{"0":{"start":{"line":2,"column":17},"end":{"line":2,"column":36}},"1":{"start":{"line":4,"column":23},"end":{"line":57,"column":2}},"2":{"start":{"line":59,"column":0},"end":{"line":59,"column":60}}},"fnMap":{},"branchMap":{},"s":{"0":1,"1":1,"2":1},"f":{},"b":{},"_coverageSchema":"1a1c01bbd47fc00a2c39e90264f33305004495a9","hash":"8da36e39cd58b59436d46520999a5ec4970a1476"}
,"C:\\Institue Isimm\\Ing2_Info\\S2\\Devops\\Tp1\\tp-api-nodejs\\routes\\etudiantRoutes.js": {"path":"C:\\Institue Isimm\\Ing2_Info\\S2\\Devops\\Tp1\\tp-api-nodejs\\routes\\etudiantRoutes.js","statementMap":{"0":{"start":{"line":2,"column":16},"end":{"line":2,"column":34}},"1":{"start":{"line":3,"column":15},"end":{"line":3,"column":31}},"2":{"start":{"line":13,"column":4},"end":{"line":13,"column":48}},"3":{"start":{"line":20,"column":0},"end":{"line":20,"column":60}},"4":{"start":{"line":23,"column":0},"end":{"line":23,"column":55}},"5":{"start":{"line":25,"column":0},"end":{"line":25,"column":50}},"6":{"start":{"line":30,"column":0},"end":{"line":30,"column":85}},"7":{"start":{"line":32,"column":0},"end":{"line":32,"column":24}}},"fnMap":{},"branchMap":{},"s":{"0":1,"1":1,"2":1,"3":1,"4":1,"5":1,"6":1,"7":1},"f":{},"b":{},"_coverageSchema":"1a1c01bbd47fc00a2c39e90264f33305004495a9","hash":"77c8d809354217fc0703a11563df503fea61cc01"}
,"C:\\Institue Isimm\\Ing2_Info\\S2\\Devops\\Tp1\\tp-api-nodejs\\utils\\calculNote.js": {"path":"C:\\Institue Isimm\\Ing2_Info\\S2\\Devops\\Tp1\\tp-api-nodejs\\utils\\calculNote.js","statementMap":{"0":{"start":{"line":4,"column":4},"end":{"line":4,"column":17}},"1":{"start":{"line":12,"column":4},"end":{"line":12,"column":66}},"2":{"start":{"line":12,"column":53},"end":{"line":12,"column":66}},"3":{"start":{"line":13,"column":4},"end":{"line":13,"column":39}},"4":{"start":{"line":17,"column":4},"end":{"line":19,"column":5}},"5":{"start":{"line":18,"column":8},"end":{"line":18,"column":58}},"6":{"start":{"line":20,"column":4},"end":{"line":22,"column":5}},"7":{"start":{"line":21,"column":8},"end":{"line":21,"column":71}},"8":{"start":{"line":23,"column":4},"end":{"line":23,"column":42}},"9":{"start":{"line":23,"column":23},"end":{"line":23,"column":42}},"10":{"start":{"line":24,"column":4},"end":{"line":24,"column":37}},"11":{"start":{"line":24,"column":23},"end":{"line":24,"column":37}},"12":{"start":{"line":25,"column":4},"end":{"line":25,"column":43}},"13":{"start":{"line":25,"column":23},"end":{"line":25,"column":43}},"14":{"start":{"line":26,"column":4},"end":{"line":26,"column":41}},"15":{"start":{"line":26,"column":23},"end":{"line":26,"column":41}},"16":{"start":{"line":27,"column":4},"end":{"line":27,"column":25}},"17":{"start":{"line":30,"column":0},"end":{"line":30,"column":64}}},"fnMap":{"0":{"name":"additionner","decl":{"start":{"line":3,"column":9},"end":{"line":3,"column":20}},"loc":{"start":{"line":3,"column":27},"end":{"line":5,"column":1}},"line":3},"1":{"name":"isValidMoyenne","decl":{"start":{"line":11,"column":9},"end":{"line":11,"column":23}},"loc":{"start":{"line":11,"column":32},"end":{"line":14,"column":1}},"line":11},"2":{"name":"calculMention","decl":{"start":{"line":16,"column":9},"end":{"line":16,"column":22}},"loc":{"start":{"line":16,"column":32},"end":{"line":28,"column":1}},"line":16}},"branchMap":{"0":{"loc":{"start":{"line":12,"column":4},"end":{"line":12,"column":66}},"type":"if","locations":[{"start":{"line":12,"column":4},"end":{"line":12,"column":66}},{"start":{},"end":{}}],"line":12},"1":{"loc":{"start":{"line":12,"column":8},"end":{"line":12,"column":51}},"type":"binary-expr","locations":[{"start":{"line":12,"column":8},"end":{"line":12,"column":34}},{"start":{"line":12,"column":38},"end":{"line":12,"column":51}}],"line":12},"2":{"loc":{"start":{"line":13,"column":11},"end":{"line":13,"column":38}},"type":"binary-expr","locations":[{"start":{"line":13,"column":11},"end":{"line":13,"column":22}},{"start":{"line":13,"column":26},"end":{"line":13,"column":38}}],"line":13},"3":{"loc":{"start":{"line":17,"column":4},"end":{"line":19,"column":5}},"type":"if","locations":[{"start":{"line":17,"column":4},"end":{"line":19,"column":5}},{"start":{},"end":{}}],"line":17},"4":{"loc":{"start":{"line":17,"column":8},"end":{"line":17,"column":53}},"type":"binary-expr","locations":[{"start":{"line":17,"column":8},"end":{"line":17,"column":35}},{"start":{"line":17,"column":39},"end":{"line":17,"column":53}}],"line":17},"5":{"loc":{"start":{"line":20,"column":4},"end":{"line":22,"column":5}},"type":"if","locations":[{"start":{"line":20,"column":4},"end":{"line":22,"column":5}},{"start":{},"end":{}}],"line":20},"6":{"loc":{"start":{"line":23,"column":4},"end":{"line":23,"column":42}},"type":"if","locations":[{"start":{"line":23,"column":4},"end":{"line":23,"column":42}},{"start":{},"end":{}}],"line":23},"7":{"loc":{"start":{"line":24,"column":4},"end":{"line":24,"column":37}},"type":"if","locations":[{"start":{"line":24,"column":4},"end":{"line":24,"column":37}},{"start":{},"end":{}}],"line":24},"8":{"loc":{"start":{"line":25,"column":4},"end":{"line":25,"column":43}},"type":"if","locations":[{"start":{"line":25,"column":4},"end":{"line":25,"column":43}},{"start":{},"end":{}}],"line":25},"9":{"loc":{"start":{"line":26,"column":4},"end":{"line":26,"column":41}},"type":"if","locations":[{"start":{"line":26,"column":4},"end":{"line":26,"column":41}},{"start":{},"end":{}}],"line":26}},"s":{"0":3,"1":16,"2":3,"3":13,"4":9,"5":1,"6":8,"7":2,"8":6,"9":2,"10":4,"11":1,"12":3,"13":0,"14":3,"15":1,"16":2,"17":1},"f":{"0":3,"1":16,"2":9},"b":{"0":[3,13],"1":[16,13],"2":[13,11],"3":[1,8],"4":[9,8],"5":[2,6],"6":[2,4],"7":[1,3],"8":[0,3],"9":[1,2]},"_coverageSchema":"1a1c01bbd47fc00a2c39e90264f33305004495a9","hash":"a737a11cbd396630c73d72486fa84fc53bca590b"}
}
