TN:
SF:app.js
FN:8,(anonymous_0)
FNF:1
FNH:0
FNDA:0,(anonymous_0)
DA:2,1
DA:3,1
DA:5,1
DA:6,1
DA:8,1
DA:9,0
DA:12,1
DA:14,1
LF:8
LH:7
BRF:0
BRH:0
end_of_record
TN:
SF:controllers\etudiantController.js
FN:13,(anonymous_0)
FN:45,(anonymous_1)
FN:73,(anonymous_2)
FN:115,(anonymous_3)
FN:162,(anonymous_4)
FN:203,(anonymous_5)
FN:234,(anonymous_6)
FN:278,(anonymous_7)
FN:299,(anonymous_8)
FN:335,(anonymous_9)
FNF:10
FNH:5
FNDA:5,(anonymous_0)
FNDA:2,(anonymous_1)
FNDA:3,(anonymous_2)
FNDA:2,(anonymous_3)
FNDA:2,(anonymous_4)
FNDA:0,(anonymous_5)
FNDA:0,(anonymous_6)
FNDA:0,(anonymous_7)
FNDA:0,(anonymous_8)
FNDA:0,(anonymous_9)
DA:2,1
DA:3,1
DA:13,1
DA:14,5
DA:15,5
DA:17,5
DA:18,1
DA:20,4
DA:21,1
DA:23,3
DA:24,2
DA:27,1
DA:28,1
DA:29,1
DA:35,0
DA:45,1
DA:46,2
DA:48,2
DA:50,2
DA:57,0
DA:73,1
DA:74,3
DA:76,3
DA:77,1
DA:81,2
DA:84,2
DA:87,2
DA:88,1
DA:95,1
DA:101,0
DA:115,1
DA:116,2
DA:117,2
DA:118,2
DA:127,2
DA:134,2
DA:135,1
DA:141,1
DA:148,0
DA:162,1
DA:163,2
DA:164,2
DA:167,2
DA:174,2
DA:175,1
DA:181,1
DA:188,0
DA:203,1
DA:204,0
DA:205,0
DA:208,0
DA:210,0
DA:218,0
DA:234,1
DA:235,0
DA:236,0
DA:239,0
DA:240,0
DA:247,0
DA:249,0
DA:256,0
DA:263,0
DA:278,1
DA:279,0
DA:281,0
DA:283,0
DA:290,0
DA:299,1
DA:300,0
DA:301,0
DA:302,0
DA:304,0
DA:305,0
DA:306,0
DA:307,0
DA:308,0
DA:309,0
DA:311,0
DA:313,0
DA:315,0
DA:322,0
DA:335,1
DA:336,0
DA:337,0
DA:340,0
DA:347,0
LF:86
LH:47
BRDA:17,0,0,1
BRDA:17,0,1,4
BRDA:17,1,0,5
BRDA:17,1,1,4
BRDA:20,2,0,1
BRDA:20,2,1,3
BRDA:20,3,0,4
BRDA:20,3,1,4
BRDA:23,4,0,2
BRDA:23,4,1,1
BRDA:23,5,0,3
BRDA:23,5,1,2
BRDA:76,6,0,1
BRDA:76,6,1,2
BRDA:87,7,0,1
BRDA:87,7,1,1
BRDA:134,8,0,1
BRDA:134,8,1,1
BRDA:174,9,0,1
BRDA:174,9,1,1
BRDA:239,10,0,0
BRDA:239,10,1,0
BRDA:304,11,0,0
BRDA:304,11,1,0
BRDA:305,12,0,0
BRDA:305,12,1,0
BRDA:306,13,0,0
BRDA:306,13,1,0
BRDA:306,14,0,0
BRDA:306,14,1,0
BRDA:308,15,0,0
BRDA:308,15,1,0
BRDA:309,16,0,0
BRDA:309,16,1,0
BRDA:311,17,0,0
BRDA:311,17,1,0
BRF:36
BRH:20
end_of_record
TN:
SF:models\Etudiant.js
FNF:0
FNH:0
DA:2,1
DA:4,1
DA:59,1
LF:3
LH:3
BRF:0
BRH:0
end_of_record
TN:
SF:routes\etudiantRoutes.js
FNF:0
FNH:0
DA:2,1
DA:3,1
DA:13,1
DA:20,1
DA:23,1
DA:25,1
DA:30,1
DA:32,1
LF:8
LH:8
BRF:0
BRH:0
end_of_record
TN:
SF:utils\calculNote.js
FN:3,additionner
FN:11,isValidMoyenne
FN:16,calculMention
FNF:3
FNH:3
FNDA:3,additionner
FNDA:16,isValidMoyenne
FNDA:9,calculMention
DA:4,3
DA:12,16
DA:13,13
DA:17,9
DA:18,1
DA:20,8
DA:21,2
DA:23,6
DA:24,4
DA:25,3
DA:26,3
DA:27,2
DA:30,1
LF:13
LH:13
BRDA:12,0,0,3
BRDA:12,0,1,13
BRDA:12,1,0,16
BRDA:12,1,1,13
BRDA:13,2,0,13
BRDA:13,2,1,11
BRDA:17,3,0,1
BRDA:17,3,1,8
BRDA:17,4,0,9
BRDA:17,4,1,8
BRDA:20,5,0,2
BRDA:20,5,1,6
BRDA:23,6,0,2
BRDA:23,6,1,4
BRDA:24,7,0,1
BRDA:24,7,1,3
BRDA:25,8,0,0
BRDA:25,8,1,3
BRDA:26,9,0,1
BRDA:26,9,1,2
BRF:20
BRH:19
end_of_record
